<?xml version="1.0" encoding="UTF-8"?>
<!-- Generated by org.testng.reporters.JUnitXMLReporter -->
<testsuite ignored="6" hostname="LAPTOP-N5D4JRG5" failures="0" tests="1" name="Default test" time="7.587" errors="0" timestamp="2023-04-28T19:32:52 IST">
  <testcase classname="nagp.selenium.tests.HomePageTest" name="validateSearchBar" time="7.545"/>
  <testcase classname="nagp.selenium.tests.HomePageTest" name="validateMenuItems" time="0.0">
    <ignored/>
  </testcase> <!-- validateMenuItems -->
  <testcase classname="nagp.selenium.tests.HomePageTest" name="createNewUserForExistingUser" time="0.0">
    <ignored/>
  </testcase> <!-- createNewUserForExistingUser -->
  <testcase classname="nagp.selenium.tests.HomePageTest" name="createNewUser" time="0.0">
    <ignored/>
  </testcase> <!-- createNewUser -->
  <testcase classname="nagp.selenium.tests.HomePageTest" name="subscribeNewsletter" time="0.0">
    <ignored/>
  </testcase> <!-- subscribeNewsletter -->
  <testcase classname="nagp.selenium.tests.HomePageTest" name="validatePurchaseApparel" time="0.0">
    <ignored/>
  </testcase> <!-- validatePurchaseApparel -->
  <testcase classname="nagp.selenium.tests.HomePageTest" name="checkHomePageLogoPresent" time="0.0">
    <ignored/>
  </testcase> <!-- checkHomePageLogoPresent -->
</testsuite> <!-- Default test -->
